Generated at 2021-10-14 05:12:42 +0000
Chef::Exceptions::Package: apt_package[update yum] (step4.3::default line 8) had an error: Chef::Exceptions::Package: No candidate version available for update yum
/opt/chef-workstation/embedded/lib/ruby/gems/3.0.0/gems/chef-17.6.18/lib/chef/mixin/why_run.rb:238:in `run'
/opt/chef-workstation/embedded/lib/ruby/gems/3.0.0/gems/chef-17.6.18/lib/chef/mixin/why_run.rb:316:in `block in run'
/opt/chef-workstation/embedded/lib/ruby/gems/3.0.0/gems/chef-17.6.18/lib/chef/mixin/why_run.rb:315:in `each'
/opt/chef-workstation/embedded/lib/ruby/gems/3.0.0/gems/chef-17.6.18/lib/chef/mixin/why_run.rb:315:in `run'
/opt/chef-workstation/embedded/lib/ruby/gems/3.0.0/gems/chef-17.6.18/lib/chef/provider.rb:255:in `process_resource_requirements'
/opt/chef-workstation/embedded/lib/ruby/gems/3.0.0/gems/chef-17.6.18/lib/chef/provider.rb:230:in `run_action'
/opt/chef-workstation/embedded/lib/ruby/gems/3.0.0/gems/chef-17.6.18/lib/chef/resource.rb:600:in `block in run_action'
/opt/chef-workstation/embedded/lib/ruby/gems/3.0.0/gems/chef-17.6.18/lib/chef/resource.rb:627:in `with_umask'
/opt/chef-workstation/embedded/lib/ruby/gems/3.0.0/gems/chef-17.6.18/lib/chef/resource.rb:599:in `run_action'
/opt/chef-workstation/embedded/lib/ruby/gems/3.0.0/gems/chef-17.6.18/lib/chef/runner.rb:74:in `run_action'
/opt/chef-workstation/embedded/lib/ruby/gems/3.0.0/gems/chef-17.6.18/lib/chef/runner.rb:108:in `block in run_all_actions'
/opt/chef-workstation/embedded/lib/ruby/gems/3.0.0/gems/chef-17.6.18/lib/chef/runner.rb:108:in `each'
/opt/chef-workstation/embedded/lib/ruby/gems/3.0.0/gems/chef-17.6.18/lib/chef/runner.rb:108:in `run_all_actions'
/opt/chef-workstation/embedded/lib/ruby/gems/3.0.0/gems/chef-17.6.18/lib/chef/runner.rb:132:in `block in converge'
/opt/chef-workstation/embedded/lib/ruby/gems/3.0.0/gems/chef-17.6.18/lib/chef/resource_collection/resource_list.rb:96:in `block in execute_each_resource'
/opt/chef-workstation/embedded/lib/ruby/gems/3.0.0/gems/chef-17.6.18/lib/chef/resource_collection/stepable_iterator.rb:114:in `call_iterator_block'
/opt/chef-workstation/embedded/lib/ruby/gems/3.0.0/gems/chef-17.6.18/lib/chef/resource_collection/stepable_iterator.rb:85:in `step'
/opt/chef-workstation/embedded/lib/ruby/gems/3.0.0/gems/chef-17.6.18/lib/chef/resource_collection/stepable_iterator.rb:103:in `iterate'
/opt/chef-workstation/embedded/lib/ruby/gems/3.0.0/gems/chef-17.6.18/lib/chef/resource_collection/stepable_iterator.rb:54:in `each_with_index'
/opt/chef-workstation/embedded/lib/ruby/gems/3.0.0/gems/chef-17.6.18/lib/chef/resource_collection/resource_list.rb:94:in `execute_each_resource'
/opt/chef-workstation/embedded/lib/ruby/3.0.0/forwardable.rb:238:in `execute_each_resource'
/opt/chef-workstation/embedded/lib/ruby/gems/3.0.0/gems/chef-17.6.18/lib/chef/runner.rb:130:in `converge'
/opt/chef-workstation/embedded/lib/ruby/gems/3.0.0/gems/chef-17.6.18/lib/chef/client.rb:686:in `block in converge'
/opt/chef-workstation/embedded/lib/ruby/gems/3.0.0/gems/chef-17.6.18/lib/chef/client.rb:681:in `catch'
/opt/chef-workstation/embedded/lib/ruby/gems/3.0.0/gems/chef-17.6.18/lib/chef/client.rb:681:in `converge'
/opt/chef-workstation/embedded/lib/ruby/gems/3.0.0/gems/chef-17.6.18/lib/chef/client.rb:705:in `converge_and_save'
/opt/chef-workstation/embedded/lib/ruby/gems/3.0.0/gems/chef-17.6.18/lib/chef/client.rb:285:in `run'
/opt/chef-workstation/embedded/lib/ruby/gems/3.0.0/gems/chef-17.6.18/lib/chef/application.rb:305:in `run_with_graceful_exit_option'
/opt/chef-workstation/embedded/lib/ruby/gems/3.0.0/gems/chef-17.6.18/lib/chef/application.rb:281:in `block in run_chef_client'
/opt/chef-workstation/embedded/lib/ruby/gems/3.0.0/gems/chef-17.6.18/lib/chef/local_mode.rb:42:in `with_server_connectivity'
/opt/chef-workstation/embedded/lib/ruby/gems/3.0.0/gems/chef-17.6.18/lib/chef/application.rb:264:in `run_chef_client'
/opt/chef-workstation/embedded/lib/ruby/gems/3.0.0/gems/chef-17.6.18/lib/chef/application/base.rb:352:in `run_application'
/opt/chef-workstation/embedded/lib/ruby/gems/3.0.0/gems/chef-17.6.18/lib/chef/application.rb:67:in `run'
/opt/chef-workstation/embedded/lib/ruby/gems/3.0.0/gems/chef-bin-17.6.18/bin/chef-client:25:in `<top (required)>'
/usr/bin/chef-client:376:in `load'
/usr/bin/chef-client:376:in `<main>'